<?xml version="1.0" encoding="UTF-8"?>
<!-- Generated by org.testng.reporters.JUnitReportReporter -->
<testsuite hostname="DESKTOP-J47KP1R" failures="0" tests="5" name="testCases.AddEmployee" time="20.166" errors="0" timestamp="27 Dec 2023 05:29:35 GMT" skipped="0">
  <testcase classname="testCases.AddEmployee" name="addEmployee" time="3.695"/>
  <testcase classname="testCases.AddEmployee" name="addEmployee" time="3.780"/>
  <testcase classname="testCases.AddEmployee" name="addEmployee" time="4.068"/>
  <testcase classname="testCases.AddEmployee" name="addEmployee" time="4.829"/>
  <testcase classname="testCases.AddEmployee" name="addEmployee" time="3.794"/>
</testsuite> <!-- testCases.AddEmployee -->
